# JRE version: OpenJDK Runtime Environment (21.0.10) (build 21.0.10+-14961533-b1163.108)
# Java VM: OpenJDK 64-Bit Server VM (21.0.10+-14961533-b1163.108, mixed mode, tiered, compressed oops, compressed class ptrs, g1 gc, windows-amd64)
GC Precious Log:
 CardTable entry size: 512
 Card Set container configuration: InlinePtr #cards 5 size 8 Array Of Cards #cards 12 size 40 Howl #buckets 4 coarsen threshold 1843 Howl Bitmap #cards 512 size 80 coarsen threshold 460 Card regions per heap region 1 cards per card region 2048
 CPUs: 4 total, 4 available
 Memory: 7959M
 Large Page Support: Disabled
 NUMA Support: Disabled
 Compressed Oops: Enabled (32-bit)
 Heap Region Size: 1M
 Heap Min Capacity: 8M
 Heap Initial Capacity: 126M
 Heap Max Capacity: 2G
 Pre-touch: Disabled
 Parallel Workers: 4
 Concurrent Workers: 1
 Concurrent Refinement Workers: 4
 Periodic GC: Disabled
Heap:
 garbage-first heap   total 516096K, used 166017K [0x0000000080000000, 0x0000000100000000)
  region size 1024K, 7 young (7168K), 1 survivors (1024K)
 Metaspace       used 152301K, committed 153984K, reserved 1245184K
  class space    used 19993K, committed 20736K, reserved 1048576K
GC Heap History (20 events):
Event: 7404.357 GC heap before
{Heap before GC invocations=91 (full 0):
 garbage-first heap   total 309248K, used 264077K [0x0000000080000000, 0x0000000100000000)
  region size 1024K, 135 young (138240K), 2 survivors (2048K)
 Metaspace       used 154909K, committed 156672K, reserved 1245184K
  class space    used 19606K, committed 20544K, reserved 1048576K
}
Event: 7404.936 GC heap after
{Heap after GC invocations=92 (full 0):
 garbage-first heap   total 309248K, used 138729K [0x0000000080000000, 0x0000000100000000)
  region size 1024K, 17 young (17408K), 17 survivors (17408K)
 Metaspace       used 154909K, committed 156672K, reserved 1245184K
  class space    used 19606K, committed 20544K, reserved 1048576K
}
Event: 7405.250 GC heap before
{Heap before GC invocations=92 (full 0):
 garbage-first heap   total 309248K, used 142825K [0x0000000080000000, 0x0000000100000000)
  region size 1024K, 23 young (23552K), 17 survivors (17408K)
 Metaspace       used 154909K, committed 156672K, reserved 1245184K
  class space    used 19606K, committed 20544K, reserved 1048576K
}
Event: 7405.289 GC heap after
{Heap after GC invocations=93 (full 0):
 garbage-first heap   total 309248K, used 144896K [0x0000000080000000, 0x0000000100000000)
  region size 1024K, 6 young (6144K), 6 survivors (6144K)
 Metaspace       used 154909K, committed 156672K, reserved 1245184K
  class space    used 19606K, committed 20544K, reserved 1048576K
}
Event: 7408.824 GC heap before
{Heap before GC invocations=94 (full 0):
 garbage-first heap   total 309248K, used 213504K [0x0000000080000000, 0x0000000100000000)
  region size 1024K, 57 young (58368K), 6 survivors (6144K)
 Metaspace       used 138564K, committed 143232K, reserved 1245184K
  class space    used 18260K, committed 20032K, reserved 1048576K
}
Event: 7408.936 GC heap after
{Heap after GC invocations=95 (full 0):
 garbage-first heap   total 309248K, used 154624K [0x0000000080000000, 0x0000000100000000)
  region size 1024K, 8 young (8192K), 8 survivors (8192K)
 Metaspace       used 138564K, committed 143232K, reserved 1245184K
  class space    used 18260K, committed 20032K, reserved 1048576K
}
Event: 7409.161 GC heap before
{Heap before GC invocations=95 (full 0):
 garbage-first heap   total 309248K, used 175104K [0x0000000080000000, 0x0000000100000000)
  region size 1024K, 28 young (28672K), 8 survivors (8192K)
 Metaspace       used 138598K, committed 143232K, reserved 1245184K
  class space    used 18260K, committed 20032K, reserved 1048576K
}
Event: 7409.301 GC heap after
{Heap after GC invocations=96 (full 0):
 garbage-first heap   total 309248K, used 157616K [0x0000000080000000, 0x0000000100000000)
  region size 1024K, 4 young (4096K), 4 survivors (4096K)
 Metaspace       used 138598K, committed 143232K, reserved 1245184K
  class space    used 18260K, committed 20032K, reserved 1048576K
}
Event: 7410.003 GC heap before
{Heap before GC invocations=96 (full 0):
 garbage-first heap   total 309248K, used 189360K [0x0000000080000000, 0x0000000100000000)
  region size 1024K, 34 young (34816K), 4 survivors (4096K)
 Metaspace       used 143015K, committed 145024K, reserved 1245184K
  class space    used 18696K, committed 20032K, reserved 1048576K
}
Event: 7410.013 GC heap after
{Heap after GC invocations=97 (full 0):
 garbage-first heap   total 309248K, used 159782K [0x0000000080000000, 0x0000000100000000)
  region size 1024K, 4 young (4096K), 4 survivors (4096K)
 Metaspace       used 143015K, committed 145024K, reserved 1245184K
  class space    used 18696K, committed 20032K, reserved 1048576K
}
Event: 7411.856 GC heap before
{Heap before GC invocations=97 (full 0):
 garbage-first heap   total 309248K, used 208934K [0x0000000080000000, 0x0000000100000000)
  region size 1024K, 53 young (54272K), 4 survivors (4096K)
 Metaspace       used 150618K, committed 152000K, reserved 1245184K
  class space    used 19792K, committed 20480K, reserved 1048576K
}
Event: 7411.992 GC heap after
{Heap after GC invocations=98 (full 0):
 garbage-first heap   total 309248K, used 161140K [0x0000000080000000, 0x0000000100000000)
  region size 1024K, 6 young (6144K), 6 survivors (6144K)
 Metaspace       used 150618K, committed 152000K, reserved 1245184K
  class space    used 19792K, committed 20480K, reserved 1048576K
}
Event: 7415.066 GC heap before
{Heap before GC invocations=98 (full 0):
 garbage-first heap   total 309248K, used 210292K [0x0000000080000000, 0x0000000100000000)
  region size 1024K, 55 young (56320K), 6 survivors (6144K)
 Metaspace       used 151831K, committed 153152K, reserved 1245184K
  class space    used 19941K, committed 20608K, reserved 1048576K
}
Event: 7415.137 GC heap after
{Heap after GC invocations=99 (full 0):
 garbage-first heap   total 309248K, used 163130K [0x0000000080000000, 0x0000000100000000)
  region size 1024K, 6 young (6144K), 6 survivors (6144K)
 Metaspace       used 151831K, committed 153152K, reserved 1245184K
  class space    used 19941K, committed 20608K, reserved 1048576K
}
Event: 7431.680 GC heap before
{Heap before GC invocations=99 (full 0):
 garbage-first heap   total 309248K, used 236858K [0x0000000080000000, 0x0000000100000000)
  region size 1024K, 79 young (80896K), 6 survivors (6144K)
 Metaspace       used 152315K, committed 153728K, reserved 1245184K
  class space    used 19999K, committed 20736K, reserved 1048576K
}
Event: 7431.928 GC heap after
{Heap after GC invocations=100 (full 0):
 garbage-first heap   total 309248K, used 164994K [0x0000000080000000, 0x0000000100000000)
  region size 1024K, 7 young (7168K), 7 survivors (7168K)
 Metaspace       used 152315K, committed 153728K, reserved 1245184K
  class space    used 19999K, committed 20736K, reserved 1048576K
}
Event: 7432.973 GC heap before
{Heap before GC invocations=100 (full 0):
 garbage-first heap   total 309248K, used 195714K [0x0000000080000000, 0x0000000100000000)
  region size 1024K, 38 young (38912K), 7 survivors (7168K)
 Metaspace       used 152453K, committed 153792K, reserved 1245184K
  class space    used 20007K, committed 20736K, reserved 1048576K
}
Event: 7433.072 GC heap after
{Heap after GC invocations=101 (full 0):
 garbage-first heap   total 309248K, used 162986K [0x0000000080000000, 0x0000000100000000)
  region size 1024K, 2 young (2048K), 2 survivors (2048K)
 Metaspace       used 152453K, committed 153792K, reserved 1245184K
  class space    used 20007K, committed 20736K, reserved 1048576K
}
Event: 7433.636 GC heap before
{Heap before GC invocations=101 (full 0):
 garbage-first heap   total 309248K, used 201898K [0x0000000080000000, 0x0000000100000000)
  region size 1024K, 42 young (43008K), 2 survivors (2048K)
 Metaspace       used 152593K, committed 153984K, reserved 1245184K
  class space    used 20017K, committed 20736K, reserved 1048576K
}
Event: 7433.963 GC heap after
{Heap after GC invocations=102 (full 0):
 garbage-first heap   total 654336K, used 161921K [0x0000000080000000, 0x0000000100000000)
  region size 1024K, 1 young (1024K), 1 survivors (1024K)
 Metaspace       used 152593K, committed 153984K, reserved 1245184K
  class space    used 20017K, committed 20736K, reserved 1048576K
}

